<?xml version="1.0" encoding="UTF-8"?>
<!-- Generated by org.testng.reporters.JUnitReportReporter -->
<testsuite skipped="0" hostname="Monikas-MacBook-Air.local" name="AddToCart.Amazon.AddToCart" tests="1" failures="0" timestamp="2020-05-30T15:11:46 IST" time="11.455" errors="0">
  <testcase name="addtoCart" time="11.455" classname="AddToCart.Amazon.AddToCart"/>
  <system-out/>
</testsuite> <!-- AddToCart.Amazon.AddToCart -->
